<?xml version="1.0" encoding="UTF-8"?>
<!-- Generated by org.testng.reporters.JUnitReportReporter -->
<testsuite hostname="DESKTOP-APUALTV" failures="0" tests="2" name="testNGPack.TestNGmagentotest" time="50.193" errors="0" timestamp="2023-01-19T12:07:06 IST" skipped="0">
  <testcase classname="testNGPack.TestNGmagentotest" name="verifytoproductchoose" time="20.006"/>
  <system-out/>
  <testcase classname="testNGPack.TestNGmagentotest" name="VerifySecondproductchoose" time="30.187"/>
  <system-out/>
</testsuite> <!-- testNGPack.TestNGmagentotest -->
