<?xml version="1.0" encoding="UTF-8"?>
<!-- Generated by org.testng.reporters.JUnitReportReporter -->
<testsuite hostname="DESKTOP-APUALTV" failures="0" tests="2" name="testNGPack.VerifytobuyHOODIE" time="53.017" errors="0" timestamp="2023-02-02T08:23:35 IST" skipped="0">
  <testcase classname="testNGPack.VerifytobuyHOODIE" name="verifytoproductchoose" time="29.695"/>
  <system-out/>
  <testcase classname="testNGPack.VerifytobuyHOODIE" name="VerifySecondproductchoose" time="23.322"/>
  <system-out/>
</testsuite> <!-- testNGPack.VerifytobuyHOODIE -->
