<?xml version="1.0" encoding="UTF-8"?>
<!-- Generated by org.testng.reporters.JUnitReportReporter -->
<testsuite hostname="DESKTOP-APUALTV" failures="0" tests="3" name="crossbrowserTESTNG.Verifypant" time="85.760" errors="0" timestamp="2023-02-14T11:42:31 IST" skipped="0">
  <testcase classname="crossbrowserTESTNG.Verifypant" name="verifytobuyMithraWarpuppant" time="34.020"/>
  <system-out/>
  <testcase classname="crossbrowserTESTNG.Verifypant" name="verifytobuyMithraWarpuppant" time="28.890"/>
  <system-out/>
  <testcase classname="crossbrowserTESTNG.Verifypant" name="verifytobuyMithraWarpuppant" time="22.850"/>
  <system-out/>
</testsuite> <!-- crossbrowserTESTNG.Verifypant -->
