<?xml version="1.0" encoding="UTF-8"?>
<!-- Generated by org.testng.reporters.JUnitReportReporter -->
<testsuite hostname="DESKTOP-APUALTV" failures="0" tests="1" name="testNGPack.VerifytobutPant" time="27.412" errors="0" timestamp="2023-01-29T11:56:50 IST" skipped="0">
  <testcase classname="testNGPack.VerifytobutPant" name="verifytobuyMithraWarpuppant" time="27.412"/>
  <system-out/>
</testsuite> <!-- testNGPack.VerifytobutPant -->
